<?xml version="1.0" encoding="UTF-8"?>
<!-- Generated by org.testng.reporters.JUnitReportReporter -->
<testsuite hostname="LNAR-PF0VY82J" failures="0" tests="1" name="seleniumTests.Demo_2" time="33.444" errors="0" timestamp="2020-06-16T22:42:07 EDT" skipped="0">
  <testcase classname="seleniumTests.Demo_2" name="Demo_2" time="33.444"/>
  <system-out/>
</testsuite> <!-- seleniumTests.Demo_2 -->
