<?xml version="1.0" encoding="UTF-8"?>
<!-- Generated by org.testng.reporters.JUnitReportReporter -->
<testsuite hostname="LNAR-PF0VY82J" failures="0" tests="1" name="seleniumTests.Demo_3" time="13.678" errors="0" timestamp="2020-06-16T22:42:07 EDT" skipped="0">
  <testcase classname="seleniumTests.Demo_3" name="demo_3" time="13.678"/>
  <system-out/>
</testsuite> <!-- seleniumTests.Demo_3 -->
